<?xml version="1.0" encoding="UTF-8"?>
<testsuites name="Shop Samsung" time="143.856" tests="2" failures="0" errors="0">
   <testsuite name="Shop Samsung" tests="2" failures="0" errors="0" time="143.856" skipped="0" timestamp="2023-06-17 01:23:33" hostname="R4SIS - LAPTOP-AU9V4DLM" id="Test Suites/Shop Samsung">
      <properties>
         <property name="deviceName" value="realme RMX3516 (Android 12)"/>
         <property name="devicePlatform" value=""/>
         <property name="logFolder" value="C:\\Users\\USER\\Katalon Studio\\Test Suite Eduwork\\Reports\\20230617_012316\\Shop Samsung\\20230617_012316"/>
         <property name="logFiles" value="C:\\Users\\USER\\Katalon Studio\\Test Suite Eduwork\\Reports\\20230617_012316\\Shop Samsung\\20230617_012316\\appium.log, C:\\Users\\USER\\Katalon Studio\\Test Suite Eduwork\\Reports\\20230617_012316\\Shop Samsung\\20230617_012316\\execution0.log"/>
         <property name="attachments" value=""/>
         <property name="hostName" value="R4SIS - LAPTOP-AU9V4DLM"/>
         <property name="os" value="Windows 10 64bit"/>
         <property name="appiumServerStatus" value="{&quot;value&quot;:{&quot;build&quot;:{&quot;version&quot;:&quot;1.22.3&quot;}},&quot;sessionId&quot;:null,&quot;status&quot;:0}"/>
         <property name="katalonVersion" value="8.6.5.208"/>
         <property name="deviceOS" value="Android"/>
         <property name="appiumVersion" value="1.22.3"/>
         <property name="deviceModel" value="RMX3516"/>
         <property name="hostAddress" value="192.168.1.11"/>
         <property name="deviceManufacturer" value="realme"/>
         <property name="deviceId" value="0L52223V21104924"/>
         <property name="deviceName" value="realme RMX3516 (Android 12)"/>
         <property name="deviceOSVersion" value="12"/>
      </properties>
      <testcase name="Test Cases/Search Galaxy Product" time="67.959" classname="Test Cases/Search Galaxy Product" status="PASSED">
         <system-out><![CDATA[2023-06-17 01:23:34 - [TEST_CASE][PASSED] - Test Cases/Search Galaxy Product: Test Cases/Search Galaxy Product

2023-06-17 01:23:35 - [TEST_STEP][PASSED] - startApplication("C:\Users\USER\Katalon Studio\Test Suite Eduwork\Androidapp\Shop Samsung_2.0.34212_Apkpure.apk", true): Started app at: 'C:\Users\USER\Katalon Studio\Test Suite Eduwork\Androidapp\Shop Samsung_2.0.34212_Apkpure.apk'

2023-06-17 01:23:36 - [MESSAGE][INFO] - Detected NodeJS location: "C:\Program Files\nodejs\node.exe"

2023-06-17 01:23:40 - [MESSAGE][INFO] - Appium server started on port 55.048

2023-06-17 01:24:18 - [MESSAGE][PASSED] - Started app at: 'C:\Users\USER\Katalon Studio\Test Suite Eduwork\Androidapp\Shop Samsung_2.0.34212_Apkpure.apk'

2023-06-17 01:24:18 - [TEST_STEP][PASSED] - tap(findTestObject("Object Repository/Shop Samsung/android.widget.Button"), 0): Tapped on element 'Object Repository/Shop Samsung/android.widget.Button'

2023-06-17 01:24:19 - [MESSAGE][WARNING] - Timeout '0' is invalid. Using default page load timeout: '30'

2023-06-17 01:24:25 - [MESSAGE][PASSED] - Tapped on element 'Object Repository/Shop Samsung/android.widget.Button'

2023-06-17 01:24:25 - [TEST_STEP][PASSED] - tap(findTestObject("Object Repository/Shop Samsung/android.widget.Button (1)"), 0): Tapped on element 'Object Repository/Shop Samsung/android.widget.Button (1)'

2023-06-17 01:24:25 - [MESSAGE][WARNING] - Timeout '0' is invalid. Using default page load timeout: '30'

2023-06-17 01:24:28 - [MESSAGE][PASSED] - Tapped on element 'Object Repository/Shop Samsung/android.widget.Button (1)'

2023-06-17 01:24:28 - [TEST_STEP][PASSED] - tap(findTestObject("Object Repository/Shop Samsung/android.widget.ImageView"), 0): Tapped on element 'Object Repository/Shop Samsung/android.widget.ImageView'

2023-06-17 01:24:28 - [MESSAGE][WARNING] - Timeout '0' is invalid. Using default page load timeout: '30'

2023-06-17 01:24:30 - [MESSAGE][PASSED] - Tapped on element 'Object Repository/Shop Samsung/android.widget.ImageView'

2023-06-17 01:24:30 - [TEST_STEP][PASSED] - setText(findTestObject("Shop Samsung/Search Text"), "Galaxy", 0): Text 'Galaxy' has been set to element 'Object Repository/Shop Samsung/Search Text'

2023-06-17 01:24:31 - [MESSAGE][WARNING] - Timeout '0' is invalid. Using default page load timeout: '30'

2023-06-17 01:24:32 - [MESSAGE][PASSED] - Text 'Galaxy' has been set to element 'Object Repository/Shop Samsung/Search Text'

2023-06-17 01:24:32 - [TEST_STEP][PASSED] - tap(findTestObject("Object Repository/Shop Samsung/android.view.View (1)"), 0): Tapped on element 'Object Repository/Shop Samsung/android.view.View (1)'

2023-06-17 01:24:32 - [MESSAGE][WARNING] - Timeout '0' is invalid. Using default page load timeout: '30'

2023-06-17 01:24:34 - [MESSAGE][PASSED] - Tapped on element 'Object Repository/Shop Samsung/android.view.View (1)'

2023-06-17 01:24:34 - [TEST_STEP][PASSED] - tap(findTestObject("Object Repository/Shop Samsung/android.widget.ImageView (1)"), 0): Tapped on element 'Object Repository/Shop Samsung/android.widget.ImageView (1)'

2023-06-17 01:24:35 - [MESSAGE][WARNING] - Timeout '0' is invalid. Using default page load timeout: '30'

2023-06-17 01:24:35 - [MESSAGE][PASSED] - Tapped on element 'Object Repository/Shop Samsung/android.widget.ImageView (1)'

2023-06-17 01:24:35 - [TEST_STEP][PASSED] - tap(findTestObject("Object Repository/Shop Samsung/android.view.View (2)"), 0): Tapped on element 'Object Repository/Shop Samsung/android.view.View (2)'

2023-06-17 01:24:36 - [MESSAGE][WARNING] - Timeout '0' is invalid. Using default page load timeout: '30'

2023-06-17 01:24:39 - [MESSAGE][PASSED] - Tapped on element 'Object Repository/Shop Samsung/android.view.View (2)'

2023-06-17 01:24:39 - [TEST_STEP][PASSED] - closeApplication(): Close app successfully

2023-06-17 01:24:42 - [MESSAGE][PASSED] - Close app successfully]]></system-out>
         <system-err><![CDATA[]]></system-err>
      </testcase>
      <testcase name="Test Cases/Shop Phones" time="75.029" classname="Test Cases/Shop Phones" status="PASSED">
         <system-out><![CDATA[2023-06-17 01:24:42 - [TEST_CASE][PASSED] - Test Cases/Shop Phones: Test Cases/Shop Phones

2023-06-17 01:24:43 - [TEST_STEP][PASSED] - startApplication("C:\Users\USER\Katalon Studio\Test Suite Eduwork\Androidapp\Shop Samsung_2.0.34212_Apkpure.apk", true): Started app at: 'C:\Users\USER\Katalon Studio\Test Suite Eduwork\Androidapp\Shop Samsung_2.0.34212_Apkpure.apk'

2023-06-17 01:24:43 - [MESSAGE][INFO] - Detected NodeJS location: "C:\Program Files\nodejs\node.exe"

2023-06-17 01:24:48 - [MESSAGE][INFO] - Appium server started on port 55.184

2023-06-17 01:25:33 - [MESSAGE][PASSED] - Started app at: 'C:\Users\USER\Katalon Studio\Test Suite Eduwork\Androidapp\Shop Samsung_2.0.34212_Apkpure.apk'

2023-06-17 01:25:33 - [TEST_STEP][PASSED] - tap(findTestObject("Object Repository/Shop Samsung/android.widget.Button"), 0): Tapped on element 'Object Repository/Shop Samsung/android.widget.Button'

2023-06-17 01:25:34 - [MESSAGE][WARNING] - Timeout '0' is invalid. Using default page load timeout: '30'

2023-06-17 01:25:43 - [MESSAGE][PASSED] - Tapped on element 'Object Repository/Shop Samsung/android.widget.Button'

2023-06-17 01:25:43 - [TEST_STEP][PASSED] - tap(findTestObject("Object Repository/Shop Samsung/android.widget.Button (1)"), 0): Tapped on element 'Object Repository/Shop Samsung/android.widget.Button (1)'

2023-06-17 01:25:43 - [MESSAGE][WARNING] - Timeout '0' is invalid. Using default page load timeout: '30'

2023-06-17 01:25:45 - [MESSAGE][PASSED] - Tapped on element 'Object Repository/Shop Samsung/android.widget.Button (1)'

2023-06-17 01:25:45 - [TEST_STEP][PASSED] - tap(findTestObject("Shop Samsung/android.view.View"), 0): Tapped on element 'Object Repository/Shop Samsung/android.view.View'

2023-06-17 01:25:45 - [MESSAGE][WARNING] - Timeout '0' is invalid. Using default page load timeout: '30'

2023-06-17 01:25:48 - [MESSAGE][PASSED] - Tapped on element 'Object Repository/Shop Samsung/android.view.View'

2023-06-17 01:25:48 - [TEST_STEP][PASSED] - tap(findTestObject("Shop Samsung/Shop"), 0): Tapped on element 'Object Repository/Shop Samsung/Shop'

2023-06-17 01:25:48 - [MESSAGE][WARNING] - Timeout '0' is invalid. Using default page load timeout: '30'

2023-06-17 01:25:49 - [MESSAGE][PASSED] - Tapped on element 'Object Repository/Shop Samsung/Shop'

2023-06-17 01:25:49 - [TEST_STEP][PASSED] - tap(findTestObject("Shop Samsung/Phones"), 0): Tapped on element 'Object Repository/Shop Samsung/Phones'

2023-06-17 01:25:49 - [MESSAGE][WARNING] - Timeout '0' is invalid. Using default page load timeout: '30'

2023-06-17 01:25:51 - [MESSAGE][PASSED] - Tapped on element 'Object Repository/Shop Samsung/Phones'

2023-06-17 01:25:51 - [TEST_STEP][PASSED] - tap(findTestObject("Shop Samsung/Galaxy A"), 0): Tapped on element 'Object Repository/Shop Samsung/Galaxy A'

2023-06-17 01:25:51 - [MESSAGE][WARNING] - Timeout '0' is invalid. Using default page load timeout: '30'

2023-06-17 01:25:54 - [MESSAGE][PASSED] - Tapped on element 'Object Repository/Shop Samsung/Galaxy A'

2023-06-17 01:25:54 - [TEST_STEP][PASSED] - tap(findTestObject("Shop Samsung/Galaxy A03s"), 0): Tapped on element 'Object Repository/Shop Samsung/Galaxy A03s'

2023-06-17 01:25:54 - [MESSAGE][WARNING] - Timeout '0' is invalid. Using default page load timeout: '30'

2023-06-17 01:25:55 - [MESSAGE][PASSED] - Tapped on element 'Object Repository/Shop Samsung/Galaxy A03s'

2023-06-17 01:25:55 - [TEST_STEP][PASSED] - closeApplication(): Close app successfully

2023-06-17 01:25:57 - [MESSAGE][PASSED] - Close app successfully]]></system-out>
         <system-err><![CDATA[]]></system-err>
      </testcase>
      <system-out><![CDATA[2023-06-17 01:23:33 - [TEST_SUITE][PASSED] - Shop Samsung: Test Cases/Shop Phones]]></system-out>
      <system-err><![CDATA[]]></system-err>
   </testsuite>
</testsuites>
